{
  "RSpec": {
    "coverage": {
      "C:/drop/Dropbox/rubyStudy/shiori/app/shiori.rb": [
        1,
        1,
        1,
        1,
        1,
        null,
        null,
        1,
        1,
        1,
        null,
        null,
        1,
        1,
        8,
        null,
        null,
        null,
        1,
        1,
        null,
        null,
        null,
        1,
        1,
        1,
        1,
        null,
        null,
        1,
        0,
        null,
        null,
        1,
        0,
        null,
        0,
        0,
        null,
        null,
        0,
        0,
        null,
        null,
        null,
        null
      ],
      "C:/drop/Dropbox/rubyStudy/shiori/app/models/bookmark.rb": [
        1,
        1,
        null,
        1,
        1,
        null,
        1,
        null,
        null
      ],
      "C:/drop/Dropbox/rubyStudy/shiori/app/db.rb": [
        1,
        1,
        null,
        1,
        null,
        null,
        1,
        1,
        1,
        1,
        null,
        null,
        null,
        1,
        0,
        null,
        null,
        1,
        null,
        null,
        null,
        1,
        0,
        null,
        null
      ]
    },
    "timestamp": 1400150732
  }
}
